# JRE version: Java(TM) SE Runtime Environment (8.0_161-b12) (build 1.8.0_161-b12)
# Java VM: Java HotSpot(TM) 64-Bit Server VM (25.161-b12 mixed mode windows-amd64 compressed oops)
Heap:
 PSYoungGen      total 187392K, used 139293K [0x00000000d5580000, 0x00000000e3180000, 0x0000000100000000)
  eden space 176640K, 78% used [0x00000000d5580000,0x00000000ddd877e8,0x00000000e0200000)
  from space 10752K, 0% used [0x00000000e0d00000,0x00000000e0d00000,0x00000000e1780000)
  to   space 11264K, 0% used [0x00000000e0200000,0x00000000e0200000,0x00000000e0d00000)
 ParOldGen       total 77824K, used 12818K [0x0000000080000000, 0x0000000084c00000, 0x00000000d5580000)
  object space 77824K, 16% used [0x0000000080000000,0x0000000080c84898,0x0000000084c00000)
 Metaspace       used 39892K, capacity 42242K, committed 42368K, reserved 1085440K
  class space    used 5495K, capacity 5950K, committed 6016K, reserved 1048576K
GC Heap History (10 events):
Event: 4.783 GC heap before
{Heap before GC invocations=6 (full 1):
 PSYoungGen      total 71680K, used 5107K [0x00000000d5580000, 0x00000000de980000, 0x0000000100000000)
  eden space 66560K, 0% used [0x00000000d5580000,0x00000000d5580000,0x00000000d9680000)
  from space 5120K, 99% used [0x00000000d9680000,0x00000000d9b7cdf8,0x00000000d9b80000)
  to   space 9216K, 0% used [0x00000000de080000,0x00000000de080000,0x00000000de980000)
 ParOldGen       total 87552K, used 4969K [0x0000000080000000, 0x0000000085580000, 0x00000000d5580000)
  object space 87552K, 5% used [0x0000000080000000,0x00000000804da698,0x0000000085580000)
 Metaspace       used 20345K, capacity 21228K, committed 21296K, reserved 1067008K
  class space    used 2724K, capacity 2936K, committed 2944K, reserved 1048576K
Event: 4.855 GC heap after
Heap after GC invocations=6 (full 1):
 PSYoungGen      total 71680K, used 0K [0x00000000d5580000, 0x00000000de980000, 0x0000000100000000)
  eden space 66560K, 0% used [0x00000000d5580000,0x00000000d5580000,0x00000000d9680000)
  from space 5120K, 0% used [0x00000000d9680000,0x00000000d9680000,0x00000000d9b80000)
  to   space 9216K, 0% used [0x00000000de080000,0x00000000de080000,0x00000000de980000)
 ParOldGen       total 53248K, used 6834K [0x0000000080000000, 0x0000000083400000, 0x00000000d5580000)
  object space 53248K, 12% used [0x0000000080000000,0x00000000806aca20,0x0000000083400000)
 Metaspace       used 20345K, capacity 21228K, committed 21296K, reserved 1067008K
  class space    used 2724K, capacity 2936K, committed 2944K, reserved 1048576K
}
Event: 6.809 GC heap before
{Heap before GC invocations=7 (full 1):
 PSYoungGen      total 71680K, used 66543K [0x00000000d5580000, 0x00000000de980000, 0x0000000100000000)
  eden space 66560K, 99% used [0x00000000d5580000,0x00000000d967bdf8,0x00000000d9680000)
  from space 5120K, 0% used [0x00000000d9680000,0x00000000d9680000,0x00000000d9b80000)
  to   space 9216K, 0% used [0x00000000de080000,0x00000000de080000,0x00000000de980000)
 ParOldGen       total 53248K, used 6834K [0x0000000080000000, 0x0000000083400000, 0x00000000d5580000)
  object space 53248K, 12% used [0x0000000080000000,0x00000000806aca20,0x0000000083400000)
 Metaspace       used 25073K, capacity 26064K, committed 26368K, reserved 1073152K
  class space    used 3294K, capacity 3510K, committed 3584K, reserved 1048576K
Event: 6.829 GC heap after
Heap after GC invocations=7 (full 1):
 PSYoungGen      total 117248K, used 6203K [0x00000000d5580000, 0x00000000de700000, 0x0000000100000000)
  eden space 110592K, 0% used [0x00000000d5580000,0x00000000d5580000,0x00000000dc180000)
  from space 6656K, 93% used [0x00000000de080000,0x00000000de68edc8,0x00000000de700000)
  to   space 9216K, 0% used [0x00000000dd500000,0x00000000dd500000,0x00000000dde00000)
 ParOldGen       total 53248K, used 6842K [0x0000000080000000, 0x0000000083400000, 0x00000000d5580000)
  object space 53248K, 12% used [0x0000000080000000,0x00000000806aea20,0x0000000083400000)
 Metaspace       used 25073K, capacity 26064K, committed 26368K, reserved 1073152K
  class space    used 3294K, capacity 3510K, committed 3584K, reserved 1048576K
}
Event: 11.080 GC heap before
{Heap before GC invocations=8 (full 1):
 PSYoungGen      total 117248K, used 116795K [0x00000000d5580000, 0x00000000de700000, 0x0000000100000000)
  eden space 110592K, 100% used [0x00000000d5580000,0x00000000dc180000,0x00000000dc180000)
  from space 6656K, 93% used [0x00000000de080000,0x00000000de68edc8,0x00000000de700000)
  to   space 9216K, 0% used [0x00000000dd500000,0x00000000dd500000,0x00000000dde00000)
 ParOldGen       total 53248K, used 6842K [0x0000000080000000, 0x0000000083400000, 0x00000000d5580000)
  object space 53248K, 12% used [0x0000000080000000,0x00000000806aea20,0x0000000083400000)
 Metaspace       used 30439K, capacity 32028K, committed 32384K, reserved 1077248K
  class space    used 4020K, capacity 4363K, committed 4480K, reserved 1048576K
Event: 11.100 GC heap after
Heap after GC invocations=8 (full 1):
 PSYoungGen      total 139776K, used 9192K [0x00000000d5580000, 0x00000000e1780000, 0x0000000100000000)
  eden space 130560K, 0% used [0x00000000d5580000,0x00000000d5580000,0x00000000dd500000)
  from space 9216K, 99% used [0x00000000dd500000,0x00000000dddfa0d0,0x00000000dde00000)
  to   space 10752K, 0% used [0x00000000e0d00000,0x00000000e0d00000,0x00000000e1780000)
 ParOldGen       total 53248K, used 7842K [0x0000000080000000, 0x0000000083400000, 0x00000000d5580000)
  object space 53248K, 14% used [0x0000000080000000,0x00000000807a8a20,0x0000000083400000)
 Metaspace       used 30439K, capacity 32028K, committed 32384K, reserved 1077248K
  class space    used 4020K, capacity 4363K, committed 4480K, reserved 1048576K
}
Event: 13.513 GC heap before
{Heap before GC invocations=9 (full 1):
 PSYoungGen      total 139776K, used 41983K [0x00000000d5580000, 0x00000000e1780000, 0x0000000100000000)
  eden space 130560K, 25% used [0x00000000d5580000,0x00000000d7585ea8,0x00000000dd500000)
  from space 9216K, 99% used [0x00000000dd500000,0x00000000dddfa0d0,0x00000000dde00000)
  to   space 10752K, 0% used [0x00000000e0d00000,0x00000000e0d00000,0x00000000e1780000)
 ParOldGen       total 53248K, used 7842K [0x0000000080000000, 0x0000000083400000, 0x00000000d5580000)
  object space 53248K, 14% used [0x0000000080000000,0x00000000807a8a20,0x0000000083400000)
 Metaspace       used 33326K, capacity 35456K, committed 35496K, reserved 1079296K
  class space    used 4464K, capacity 4845K, committed 4864K, reserved 1048576K
Event: 13.527 GC heap after
Heap after GC invocations=9 (full 1):
 PSYoungGen      total 187392K, used 8436K [0x00000000d5580000, 0x00000000e3180000, 0x0000000100000000)
  eden space 176640K, 0% used [0x00000000d5580000,0x00000000d5580000,0x00000000e0200000)
  from space 10752K, 78% used [0x00000000e0d00000,0x00000000e153d200,0x00000000e1780000)
  to   space 11264K, 0% used [0x00000000e0200000,0x00000000e0200000,0x00000000e0d00000)
 ParOldGen       total 53248K, used 7850K [0x0000000080000000, 0x0000000083400000, 0x00000000d5580000)
  object space 53248K, 14% used [0x0000000080000000,0x00000000807aaa20,0x0000000083400000)
 Metaspace       used 33326K, capacity 35456K, committed 35496K, reserved 1079296K
  class space    used 4464K, capacity 4845K, committed 4864K, reserved 1048576K
}
Event: 13.527 GC heap before
{Heap before GC invocations=10 (full 2):
 PSYoungGen      total 187392K, used 8436K [0x00000000d5580000, 0x00000000e3180000, 0x0000000100000000)
  eden space 176640K, 0% used [0x00000000d5580000,0x00000000d5580000,0x00000000e0200000)
  from space 10752K, 78% used [0x00000000e0d00000,0x00000000e153d200,0x00000000e1780000)
  to   space 11264K, 0% used [0x00000000e0200000,0x00000000e0200000,0x00000000e0d00000)
 ParOldGen       total 53248K, used 7850K [0x0000000080000000, 0x0000000083400000, 0x00000000d5580000)
  object space 53248K, 14% used [0x0000000080000000,0x00000000807aaa20,0x0000000083400000)
 Metaspace       used 33326K, capacity 35456K, committed 35496K, reserved 1079296K
  class space    used 4464K, capacity 4845K, committed 4864K, reserved 1048576K
Event: 13.625 GC heap after
Heap after GC invocations=10 (full 2):
 PSYoungGen      total 187392K, used 0K [0x00000000d5580000, 0x00000000e3180000, 0x0000000100000000)
  eden space 176640K, 0% used [0x00000000d5580000,0x00000000d5580000,0x00000000e0200000)
  from space 10752K, 0% used [0x00000000e0d00000,0x00000000e0d00000,0x00000000e1780000)
  to   space 11264K, 0% used [0x00000000e0200000,0x00000000e0200000,0x00000000e0d00000)
 ParOldGen       total 77824K, used 12818K [0x0000000080000000, 0x0000000084c00000, 0x00000000d5580000)
  object space 77824K, 16% used [0x0000000080000000,0x0000000080c84898,0x0000000084c00000)
 Metaspace       used 33326K, capacity 35456K, committed 35496K, reserved 1079296K
  class space    used 4464K, capacity 4845K, committed 4864K, reserved 1048576K
}

