# JRE version: Java(TM) SE Runtime Environment (8.0_161-b12) (build 1.8.0_161-b12)
# Java VM: Java HotSpot(TM) 64-Bit Server VM (25.161-b12 mixed mode windows-amd64 compressed oops)
Heap:
 PSYoungGen      total 67584K, used 12274K [0x00000000d5580000, 0x00000000dd980000, 0x0000000100000000)
  eden space 62464K, 13% used [0x00000000d5580000,0x00000000d5db5d48,0x00000000d9280000)
  from space 5120K, 75% used [0x00000000d9b80000,0x00000000d9f46c80,0x00000000da080000)
  to   space 9216K, 0% used [0x00000000d9280000,0x00000000d9280000,0x00000000d9b80000)
 ParOldGen       total 50688K, used 6999K [0x0000000080000000, 0x0000000083180000, 0x00000000d5580000)
  object space 50688K, 13% used [0x0000000080000000,0x00000000806d5c60,0x0000000083180000)
 Metaspace       used 24055K, capacity 25070K, committed 25216K, reserved 1071104K
  class space    used 3126K, capacity 3363K, committed 3456K, reserved 1048576K
GC Heap History (10 events):
Event: 3.757 GC heap before
{Heap before GC invocations=3 (full 0):
 PSYoungGen      total 38400K, used 36274K [0x00000000d5580000, 0x00000000da080000, 0x0000000100000000)
  eden space 33280K, 100% used [0x00000000d5580000,0x00000000d7600000,0x00000000d7600000)
  from space 5120K, 58% used [0x00000000d7b00000,0x00000000d7dec8b0,0x00000000d8000000)
  to   space 5120K, 0% used [0x00000000d7600000,0x00000000d7600000,0x00000000d7b00000)
 ParOldGen       total 87552K, used 24K [0x0000000080000000, 0x0000000085580000, 0x00000000d5580000)
  object space 87552K, 0% used [0x0000000080000000,0x0000000080006000,0x0000000085580000)
 Metaspace       used 14606K, capacity 15240K, committed 15360K, reserved 1062912K
  class space    used 1820K, capacity 1993K, committed 2048K, reserved 1048576K
Event: 3.765 GC heap after
Heap after GC invocations=3 (full 0):
 PSYoungGen      total 38400K, used 5104K [0x00000000d5580000, 0x00000000da080000, 0x0000000100000000)
  eden space 33280K, 0% used [0x00000000d5580000,0x00000000d5580000,0x00000000d7600000)
  from space 5120K, 99% used [0x00000000d7600000,0x00000000d7afc018,0x00000000d7b00000)
  to   space 5120K, 0% used [0x00000000d9b80000,0x00000000d9b80000,0x00000000da080000)
 ParOldGen       total 87552K, used 853K [0x0000000080000000, 0x0000000085580000, 0x00000000d5580000)
  object space 87552K, 0% used [0x0000000080000000,0x00000000800d5428,0x0000000085580000)
 Metaspace       used 14606K, capacity 15240K, committed 15360K, reserved 1062912K
  class space    used 1820K, capacity 1993K, committed 2048K, reserved 1048576K
}
Event: 4.604 GC heap before
{Heap before GC invocations=4 (full 0):
 PSYoungGen      total 38400K, used 38384K [0x00000000d5580000, 0x00000000da080000, 0x0000000100000000)
  eden space 33280K, 100% used [0x00000000d5580000,0x00000000d7600000,0x00000000d7600000)
  from space 5120K, 99% used [0x00000000d7600000,0x00000000d7afc018,0x00000000d7b00000)
  to   space 5120K, 0% used [0x00000000d9b80000,0x00000000d9b80000,0x00000000da080000)
 ParOldGen       total 87552K, used 853K [0x0000000080000000, 0x0000000085580000, 0x00000000d5580000)
  object space 87552K, 0% used [0x0000000080000000,0x00000000800d5428,0x0000000085580000)
 Metaspace       used 18362K, capacity 19220K, committed 19328K, reserved 1067008K
  class space    used 2388K, capacity 2592K, committed 2688K, reserved 1048576K
Event: 4.667 GC heap after
Heap after GC invocations=4 (full 0):
 PSYoungGen      total 71680K, used 5088K [0x00000000d5580000, 0x00000000da080000, 0x0000000100000000)
  eden space 66560K, 0% used [0x00000000d5580000,0x00000000d5580000,0x00000000d9680000)
  from space 5120K, 99% used [0x00000000d9b80000,0x00000000da078020,0x00000000da080000)
  to   space 5120K, 0% used [0x00000000d9680000,0x00000000d9680000,0x00000000d9b80000)
 ParOldGen       total 87552K, used 3182K [0x0000000080000000, 0x0000000085580000, 0x00000000d5580000)
  object space 87552K, 3% used [0x0000000080000000,0x000000008031ba60,0x0000000085580000)
 Metaspace       used 18362K, capacity 19220K, committed 19328K, reserved 1067008K
  class space    used 2388K, capacity 2592K, committed 2688K, reserved 1048576K
}
Event: 5.251 GC heap before
{Heap before GC invocations=5 (full 0):
 PSYoungGen      total 71680K, used 33234K [0x00000000d5580000, 0x00000000da080000, 0x0000000100000000)
  eden space 66560K, 42% used [0x00000000d5580000,0x00000000d70fcbc8,0x00000000d9680000)
  from space 5120K, 99% used [0x00000000d9b80000,0x00000000da078020,0x00000000da080000)
  to   space 5120K, 0% used [0x00000000d9680000,0x00000000d9680000,0x00000000d9b80000)
 ParOldGen       total 87552K, used 3182K [0x0000000080000000, 0x0000000085580000, 0x00000000d5580000)
  object space 87552K, 3% used [0x0000000080000000,0x000000008031ba60,0x0000000085580000)
 Metaspace       used 20408K, capacity 21276K, committed 21296K, reserved 1067008K
  class space    used 2737K, capacity 2944K, committed 2944K, reserved 1048576K
Event: 5.262 GC heap after
Heap after GC invocations=5 (full 0):
 PSYoungGen      total 71680K, used 5088K [0x00000000d5580000, 0x00000000da080000, 0x0000000100000000)
  eden space 66560K, 0% used [0x00000000d5580000,0x00000000d5580000,0x00000000d9680000)
  from space 5120K, 99% used [0x00000000d9680000,0x00000000d9b78020,0x00000000d9b80000)
  to   space 5120K, 0% used [0x00000000d9b80000,0x00000000d9b80000,0x00000000da080000)
 ParOldGen       total 87552K, used 5193K [0x0000000080000000, 0x0000000085580000, 0x00000000d5580000)
  object space 87552K, 5% used [0x0000000080000000,0x0000000080512690,0x0000000085580000)
 Metaspace       used 20408K, capacity 21276K, committed 21296K, reserved 1067008K
  class space    used 2737K, capacity 2944K, committed 2944K, reserved 1048576K
}
Event: 5.262 GC heap before
{Heap before GC invocations=6 (full 1):
 PSYoungGen      total 71680K, used 5088K [0x00000000d5580000, 0x00000000da080000, 0x0000000100000000)
  eden space 66560K, 0% used [0x00000000d5580000,0x00000000d5580000,0x00000000d9680000)
  from space 5120K, 99% used [0x00000000d9680000,0x00000000d9b78020,0x00000000d9b80000)
  to   space 5120K, 0% used [0x00000000d9b80000,0x00000000d9b80000,0x00000000da080000)
 ParOldGen       total 87552K, used 5193K [0x0000000080000000, 0x0000000085580000, 0x00000000d5580000)
  object space 87552K, 5% used [0x0000000080000000,0x0000000080512690,0x0000000085580000)
 Metaspace       used 20408K, capacity 21276K, committed 21296K, reserved 1067008K
  class space    used 2737K, capacity 2944K, committed 2944K, reserved 1048576K
Event: 5.313 GC heap after
Heap after GC invocations=6 (full 1):
 PSYoungGen      total 71680K, used 0K [0x00000000d5580000, 0x00000000da080000, 0x0000000100000000)
  eden space 66560K, 0% used [0x00000000d5580000,0x00000000d5580000,0x00000000d9680000)
  from space 5120K, 0% used [0x00000000d9680000,0x00000000d9680000,0x00000000d9b80000)
  to   space 5120K, 0% used [0x00000000d9b80000,0x00000000d9b80000,0x00000000da080000)
 ParOldGen       total 50688K, used 6999K [0x0000000080000000, 0x0000000083180000, 0x00000000d5580000)
  object space 50688K, 13% used [0x0000000080000000,0x00000000806d5c60,0x0000000083180000)
 Metaspace       used 20408K, capacity 21276K, committed 21296K, reserved 1067008K
  class space    used 2737K, capacity 2944K, committed 2944K, reserved 1048576K
}
Event: 5.837 GC heap before
{Heap before GC invocations=7 (full 1):
 PSYoungGen      total 71680K, used 66560K [0x00000000d5580000, 0x00000000da080000, 0x0000000100000000)
  eden space 66560K, 100% used [0x00000000d5580000,0x00000000d9680000,0x00000000d9680000)
  from space 5120K, 0% used [0x00000000d9680000,0x00000000d9680000,0x00000000d9b80000)
  to   space 5120K, 0% used [0x00000000d9b80000,0x00000000d9b80000,0x00000000da080000)
 ParOldGen       total 50688K, used 6999K [0x0000000080000000, 0x0000000083180000, 0x00000000d5580000)
  object space 50688K, 13% used [0x0000000080000000,0x00000000806d5c60,0x0000000083180000)
 Metaspace       used 23188K, capacity 24164K, committed 24320K, reserved 1071104K
  class space    used 3043K, capacity 3258K, committed 3328K, reserved 1048576K
Event: 5.843 GC heap after
Heap after GC invocations=7 (full 1):
 PSYoungGen      total 67584K, used 3867K [0x00000000d5580000, 0x00000000dd980000, 0x0000000100000000)
  eden space 62464K, 0% used [0x00000000d5580000,0x00000000d5580000,0x00000000d9280000)
  from space 5120K, 75% used [0x00000000d9b80000,0x00000000d9f46c80,0x00000000da080000)
  to   space 9216K, 0% used [0x00000000d9280000,0x00000000d9280000,0x00000000d9b80000)
 ParOldGen       total 50688K, used 6999K [0x0000000080000000, 0x0000000083180000, 0x00000000d5580000)
  object space 50688K, 13% used [0x0000000080000000,0x00000000806d5c60,0x0000000083180000)
 Metaspace       used 23188K, capacity 24164K, committed 24320K, reserved 1071104K
  class space    used 3043K, capacity 3258K, committed 3328K, reserved 1048576K
}

