# JRE version: Java(TM) SE Runtime Environment (8.0_161-b12) (build 1.8.0_161-b12)
# Java VM: Java HotSpot(TM) 64-Bit Server VM (25.161-b12 mixed mode windows-amd64 compressed oops)
Heap:
 PSYoungGen      total 206336K, used 39867K [0x00000000d5580000, 0x00000000e7780000, 0x0000000100000000)
  eden space 194048K, 20% used [0x00000000d5580000,0x00000000d7c6efd0,0x00000000e1300000)
  from space 12288K, 0% used [0x00000000e2480000,0x00000000e2480000,0x00000000e3080000)
  to   space 17920K, 0% used [0x00000000e1300000,0x00000000e1300000,0x00000000e2480000)
 ParOldGen       total 73216K, used 24789K [0x0000000080000000, 0x0000000084780000, 0x00000000d5580000)
  object space 73216K, 33% used [0x0000000080000000,0x0000000081835410,0x0000000084780000)
 Metaspace       used 57703K, capacity 60980K, committed 61184K, reserved 1101824K
  class space    used 8064K, capacity 8637K, committed 8704K, reserved 1048576K
GC Heap History (10 events):
Event: 14.327 GC heap before
{Heap before GC invocations=9 (full 1):
 PSYoungGen      total 137728K, used 37761K [0x00000000d5580000, 0x00000000e3080000, 0x0000000100000000)
  eden space 128512K, 22% used [0x00000000d5580000,0x00000000d71623d0,0x00000000dd300000)
  from space 9216K, 99% used [0x00000000dd300000,0x00000000ddbfe0b0,0x00000000ddc00000)
  to   space 12288K, 0% used [0x00000000e2480000,0x00000000e2480000,0x00000000e3080000)
 ParOldGen       total 51200K, used 10122K [0x0000000080000000, 0x0000000083200000, 0x00000000d5580000)
  object space 51200K, 19% used [0x0000000080000000,0x00000000809e2800,0x0000000083200000)
 Metaspace       used 33224K, capacity 35342K, committed 35496K, reserved 1079296K
  class space    used 4459K, capacity 4846K, committed 4864K, reserved 1048576K
Event: 14.345 GC heap after
Heap after GC invocations=9 (full 1):
 PSYoungGen      total 211968K, used 8240K [0x00000000d5580000, 0x00000000e3f80000, 0x0000000100000000)
  eden space 199680K, 0% used [0x00000000d5580000,0x00000000d5580000,0x00000000e1880000)
  from space 12288K, 67% used [0x00000000e2480000,0x00000000e2c8c2a0,0x00000000e3080000)
  to   space 12288K, 0% used [0x00000000e1880000,0x00000000e1880000,0x00000000e2480000)
 ParOldGen       total 51200K, used 10130K [0x0000000080000000, 0x0000000083200000, 0x00000000d5580000)
  object space 51200K, 19% used [0x0000000080000000,0x00000000809e4800,0x0000000083200000)
 Metaspace       used 33224K, capacity 35342K, committed 35496K, reserved 1079296K
  class space    used 4459K, capacity 4846K, committed 4864K, reserved 1048576K
}
Event: 14.345 GC heap before
{Heap before GC invocations=10 (full 2):
 PSYoungGen      total 211968K, used 8240K [0x00000000d5580000, 0x00000000e3f80000, 0x0000000100000000)
  eden space 199680K, 0% used [0x00000000d5580000,0x00000000d5580000,0x00000000e1880000)
  from space 12288K, 67% used [0x00000000e2480000,0x00000000e2c8c2a0,0x00000000e3080000)
  to   space 12288K, 0% used [0x00000000e1880000,0x00000000e1880000,0x00000000e2480000)
 ParOldGen       total 51200K, used 10130K [0x0000000080000000, 0x0000000083200000, 0x00000000d5580000)
  object space 51200K, 19% used [0x0000000080000000,0x00000000809e4800,0x0000000083200000)
 Metaspace       used 33224K, capacity 35342K, committed 35496K, reserved 1079296K
  class space    used 4459K, capacity 4846K, committed 4864K, reserved 1048576K
Event: 14.477 GC heap after
Heap after GC invocations=10 (full 2):
 PSYoungGen      total 211968K, used 0K [0x00000000d5580000, 0x00000000e3f80000, 0x0000000100000000)
  eden space 199680K, 0% used [0x00000000d5580000,0x00000000d5580000,0x00000000e1880000)
  from space 12288K, 0% used [0x00000000e2480000,0x00000000e2480000,0x00000000e3080000)
  to   space 12288K, 0% used [0x00000000e1880000,0x00000000e1880000,0x00000000e2480000)
 ParOldGen       total 73216K, used 12655K [0x0000000080000000, 0x0000000084780000, 0x00000000d5580000)
  object space 73216K, 17% used [0x0000000080000000,0x0000000080c5bd18,0x0000000084780000)
 Metaspace       used 33224K, capacity 35342K, committed 35496K, reserved 1079296K
  class space    used 4459K, capacity 4846K, committed 4864K, reserved 1048576K
}
Event: 26.169 GC heap before
{Heap before GC invocations=11 (full 2):
 PSYoungGen      total 211968K, used 199680K [0x00000000d5580000, 0x00000000e3f80000, 0x0000000100000000)
  eden space 199680K, 100% used [0x00000000d5580000,0x00000000e1880000,0x00000000e1880000)
  from space 12288K, 0% used [0x00000000e2480000,0x00000000e2480000,0x00000000e3080000)
  to   space 12288K, 0% used [0x00000000e1880000,0x00000000e1880000,0x00000000e2480000)
 ParOldGen       total 73216K, used 12655K [0x0000000080000000, 0x0000000084780000, 0x00000000d5580000)
  object space 73216K, 17% used [0x0000000080000000,0x0000000080c5bd18,0x0000000084780000)
 Metaspace       used 48212K, capacity 50742K, committed 51072K, reserved 1093632K
  class space    used 6577K, capacity 7028K, committed 7040K, reserved 1048576K
Event: 26.219 GC heap after
Heap after GC invocations=11 (full 2):
 PSYoungGen      total 211968K, used 12279K [0x00000000d5580000, 0x00000000e3f80000, 0x0000000100000000)
  eden space 199680K, 0% used [0x00000000d5580000,0x00000000d5580000,0x00000000e1880000)
  from space 12288K, 99% used [0x00000000e1880000,0x00000000e247df30,0x00000000e2480000)
  to   space 12288K, 0% used [0x00000000e2480000,0x00000000e2480000,0x00000000e3080000)
 ParOldGen       total 73216K, used 17509K [0x0000000080000000, 0x0000000084780000, 0x00000000d5580000)
  object space 73216K, 23% used [0x0000000080000000,0x00000000811194d8,0x0000000084780000)
 Metaspace       used 48212K, capacity 50742K, committed 51072K, reserved 1093632K
  class space    used 6577K, capacity 7028K, committed 7040K, reserved 1048576K
}
Event: 33.781 GC heap before
{Heap before GC invocations=12 (full 2):
 PSYoungGen      total 211968K, used 87736K [0x00000000d5580000, 0x00000000e3f80000, 0x0000000100000000)
  eden space 199680K, 37% used [0x00000000d5580000,0x00000000d9f30260,0x00000000e1880000)
  from space 12288K, 99% used [0x00000000e1880000,0x00000000e247df30,0x00000000e2480000)
  to   space 12288K, 0% used [0x00000000e2480000,0x00000000e2480000,0x00000000e3080000)
 ParOldGen       total 73216K, used 17509K [0x0000000080000000, 0x0000000084780000, 0x00000000d5580000)
  object space 73216K, 23% used [0x0000000080000000,0x00000000811194d8,0x0000000084780000)
 Metaspace       used 55859K, capacity 59022K, committed 59136K, reserved 1099776K
  class space    used 7768K, capacity 8334K, committed 8448K, reserved 1048576K
Event: 33.803 GC heap after
Heap after GC invocations=12 (full 2):
 PSYoungGen      total 206336K, used 12257K [0x00000000d5580000, 0x00000000e7780000, 0x0000000100000000)
  eden space 194048K, 0% used [0x00000000d5580000,0x00000000d5580000,0x00000000e1300000)
  from space 12288K, 99% used [0x00000000e2480000,0x00000000e30786c0,0x00000000e3080000)
  to   space 17920K, 0% used [0x00000000e1300000,0x00000000e1300000,0x00000000e2480000)
 ParOldGen       total 73216K, used 19819K [0x0000000080000000, 0x0000000084780000, 0x00000000d5580000)
  object space 73216K, 27% used [0x0000000080000000,0x000000008135ad68,0x0000000084780000)
 Metaspace       used 55859K, capacity 59022K, committed 59136K, reserved 1099776K
  class space    used 7768K, capacity 8334K, committed 8448K, reserved 1048576K
}
Event: 33.803 GC heap before
{Heap before GC invocations=13 (full 3):
 PSYoungGen      total 206336K, used 12257K [0x00000000d5580000, 0x00000000e7780000, 0x0000000100000000)
  eden space 194048K, 0% used [0x00000000d5580000,0x00000000d5580000,0x00000000e1300000)
  from space 12288K, 99% used [0x00000000e2480000,0x00000000e30786c0,0x00000000e3080000)
  to   space 17920K, 0% used [0x00000000e1300000,0x00000000e1300000,0x00000000e2480000)
 ParOldGen       total 73216K, used 19819K [0x0000000080000000, 0x0000000084780000, 0x00000000d5580000)
  object space 73216K, 27% used [0x0000000080000000,0x000000008135ad68,0x0000000084780000)
 Metaspace       used 55859K, capacity 59022K, committed 59136K, reserved 1099776K
  class space    used 7768K, capacity 8334K, committed 8448K, reserved 1048576K
Event: 34.045 GC heap after
Heap after GC invocations=13 (full 3):
 PSYoungGen      total 206336K, used 0K [0x00000000d5580000, 0x00000000e7780000, 0x0000000100000000)
  eden space 194048K, 0% used [0x00000000d5580000,0x00000000d5580000,0x00000000e1300000)
  from space 12288K, 0% used [0x00000000e2480000,0x00000000e2480000,0x00000000e3080000)
  to   space 17920K, 0% used [0x00000000e1300000,0x00000000e1300000,0x00000000e2480000)
 ParOldGen       total 73216K, used 24789K [0x0000000080000000, 0x0000000084780000, 0x00000000d5580000)
  object space 73216K, 33% used [0x0000000080000000,0x0000000081835410,0x0000000084780000)
 Metaspace       used 55859K, capacity 59022K, committed 59136K, reserved 1099776K
  class space    used 7768K, capacity 8334K, committed 8448K, reserved 1048576K
}

