# JRE version: Java(TM) SE Runtime Environment (8.0_161-b12) (build 1.8.0_161-b12)
# Java VM: Java HotSpot(TM) 64-Bit Server VM (25.161-b12 mixed mode windows-amd64 compressed oops)
Heap:
 PSYoungGen      total 281088K, used 17013K [0x00000000d5580000, 0x00000000e7b80000, 0x0000000100000000)
  eden space 265216K, 6% used [0x00000000d5580000,0x00000000d661d760,0x00000000e5880000)
  from space 15872K, 0% used [0x00000000e6c00000,0x00000000e6c00000,0x00000000e7b80000)
  to   space 17920K, 0% used [0x00000000e5880000,0x00000000e5880000,0x00000000e6a00000)
 ParOldGen       total 72704K, used 24285K [0x0000000080000000, 0x0000000084700000, 0x00000000d5580000)
  object space 72704K, 33% used [0x0000000080000000,0x00000000817b74a8,0x0000000084700000)
 Metaspace       used 56320K, capacity 59520K, committed 59648K, reserved 1099776K
  class space    used 7864K, capacity 8421K, committed 8448K, reserved 1048576K
GC Heap History (10 events):
Event: 12.417 GC heap before
{Heap before GC invocations=9 (full 1):
 PSYoungGen      total 137728K, used 38155K [0x00000000d5580000, 0x00000000e3080000, 0x0000000100000000)
  eden space 128512K, 22% used [0x00000000d5580000,0x00000000d71c77d0,0x00000000dd300000)
  from space 9216K, 99% used [0x00000000dd300000,0x00000000ddbfb768,0x00000000ddc00000)
  to   space 12288K, 0% used [0x00000000e2480000,0x00000000e2480000,0x00000000e3080000)
 ParOldGen       total 50176K, used 10254K [0x0000000080000000, 0x0000000083100000, 0x00000000d5580000)
  object space 50176K, 20% used [0x0000000080000000,0x0000000080a038d8,0x0000000083100000)
 Metaspace       used 33224K, capacity 35342K, committed 35496K, reserved 1079296K
  class space    used 4460K, capacity 4846K, committed 4864K, reserved 1048576K
Event: 12.432 GC heap after
Heap after GC invocations=9 (full 1):
 PSYoungGen      total 211968K, used 8305K [0x00000000d5580000, 0x00000000e3f80000, 0x0000000100000000)
  eden space 199680K, 0% used [0x00000000d5580000,0x00000000d5580000,0x00000000e1880000)
  from space 12288K, 67% used [0x00000000e2480000,0x00000000e2c9c408,0x00000000e3080000)
  to   space 12288K, 0% used [0x00000000e1880000,0x00000000e1880000,0x00000000e2480000)
 ParOldGen       total 50176K, used 10262K [0x0000000080000000, 0x0000000083100000, 0x00000000d5580000)
  object space 50176K, 20% used [0x0000000080000000,0x0000000080a058d8,0x0000000083100000)
 Metaspace       used 33224K, capacity 35342K, committed 35496K, reserved 1079296K
  class space    used 4460K, capacity 4846K, committed 4864K, reserved 1048576K
}
Event: 12.432 GC heap before
{Heap before GC invocations=10 (full 2):
 PSYoungGen      total 211968K, used 8305K [0x00000000d5580000, 0x00000000e3f80000, 0x0000000100000000)
  eden space 199680K, 0% used [0x00000000d5580000,0x00000000d5580000,0x00000000e1880000)
  from space 12288K, 67% used [0x00000000e2480000,0x00000000e2c9c408,0x00000000e3080000)
  to   space 12288K, 0% used [0x00000000e1880000,0x00000000e1880000,0x00000000e2480000)
 ParOldGen       total 50176K, used 10262K [0x0000000080000000, 0x0000000083100000, 0x00000000d5580000)
  object space 50176K, 20% used [0x0000000080000000,0x0000000080a058d8,0x0000000083100000)
 Metaspace       used 33224K, capacity 35342K, committed 35496K, reserved 1079296K
  class space    used 4460K, capacity 4846K, committed 4864K, reserved 1048576K
Event: 12.535 GC heap after
Heap after GC invocations=10 (full 2):
 PSYoungGen      total 211968K, used 0K [0x00000000d5580000, 0x00000000e3f80000, 0x0000000100000000)
  eden space 199680K, 0% used [0x00000000d5580000,0x00000000d5580000,0x00000000e1880000)
  from space 12288K, 0% used [0x00000000e2480000,0x00000000e2480000,0x00000000e3080000)
  to   space 12288K, 0% used [0x00000000e1880000,0x00000000e1880000,0x00000000e2480000)
 ParOldGen       total 72704K, used 12713K [0x0000000080000000, 0x0000000084700000, 0x00000000d5580000)
  object space 72704K, 17% used [0x0000000080000000,0x0000000080c6a500,0x0000000084700000)
 Metaspace       used 33224K, capacity 35342K, committed 35496K, reserved 1079296K
  class space    used 4460K, capacity 4846K, committed 4864K, reserved 1048576K
}
Event: 18.421 GC heap before
{Heap before GC invocations=11 (full 2):
 PSYoungGen      total 211968K, used 199680K [0x00000000d5580000, 0x00000000e3f80000, 0x0000000100000000)
  eden space 199680K, 100% used [0x00000000d5580000,0x00000000e1880000,0x00000000e1880000)
  from space 12288K, 0% used [0x00000000e2480000,0x00000000e2480000,0x00000000e3080000)
  to   space 12288K, 0% used [0x00000000e1880000,0x00000000e1880000,0x00000000e2480000)
 ParOldGen       total 72704K, used 12713K [0x0000000080000000, 0x0000000084700000, 0x00000000d5580000)
  object space 72704K, 17% used [0x0000000080000000,0x0000000080c6a500,0x0000000084700000)
 Metaspace       used 48785K, capacity 51338K, committed 51712K, reserved 1093632K
  class space    used 6696K, capacity 7158K, committed 7168K, reserved 1048576K
Event: 18.462 GC heap after
Heap after GC invocations=11 (full 2):
 PSYoungGen      total 211968K, used 12270K [0x00000000d5580000, 0x00000000e7c00000, 0x0000000100000000)
  eden space 199680K, 0% used [0x00000000d5580000,0x00000000d5580000,0x00000000e1880000)
  from space 12288K, 99% used [0x00000000e1880000,0x00000000e247bb08,0x00000000e2480000)
  to   space 16384K, 0% used [0x00000000e6c00000,0x00000000e6c00000,0x00000000e7c00000)
 ParOldGen       total 72704K, used 18170K [0x0000000080000000, 0x0000000084700000, 0x00000000d5580000)
  object space 72704K, 24% used [0x0000000080000000,0x00000000811be808,0x0000000084700000)
 Metaspace       used 48785K, capacity 51338K, committed 51712K, reserved 1093632K
  class space    used 6696K, capacity 7158K, committed 7168K, reserved 1048576K
}
Event: 22.116 GC heap before
{Heap before GC invocations=12 (full 2):
 PSYoungGen      total 211968K, used 81238K [0x00000000d5580000, 0x00000000e7c00000, 0x0000000100000000)
  eden space 199680K, 34% used [0x00000000d5580000,0x00000000d98da010,0x00000000e1880000)
  from space 12288K, 99% used [0x00000000e1880000,0x00000000e247bb08,0x00000000e2480000)
  to   space 16384K, 0% used [0x00000000e6c00000,0x00000000e6c00000,0x00000000e7c00000)
 ParOldGen       total 72704K, used 18170K [0x0000000080000000, 0x0000000084700000, 0x00000000d5580000)
  object space 72704K, 24% used [0x0000000080000000,0x00000000811be808,0x0000000084700000)
 Metaspace       used 55864K, capacity 58998K, committed 59160K, reserved 1099776K
  class space    used 7766K, capacity 8302K, committed 8320K, reserved 1048576K
Event: 22.149 GC heap after
Heap after GC invocations=12 (full 2):
 PSYoungGen      total 281088K, used 14002K [0x00000000d5580000, 0x00000000e7b80000, 0x0000000100000000)
  eden space 265216K, 0% used [0x00000000d5580000,0x00000000d5580000,0x00000000e5880000)
  from space 15872K, 88% used [0x00000000e6c00000,0x00000000e79acb90,0x00000000e7b80000)
  to   space 17920K, 0% used [0x00000000e5880000,0x00000000e5880000,0x00000000e6a00000)
 ParOldGen       total 72704K, used 18178K [0x0000000080000000, 0x0000000084700000, 0x00000000d5580000)
  object space 72704K, 25% used [0x0000000080000000,0x00000000811c0808,0x0000000084700000)
 Metaspace       used 55864K, capacity 58998K, committed 59160K, reserved 1099776K
  class space    used 7766K, capacity 8302K, committed 8320K, reserved 1048576K
}
Event: 22.149 GC heap before
{Heap before GC invocations=13 (full 3):
 PSYoungGen      total 281088K, used 14002K [0x00000000d5580000, 0x00000000e7b80000, 0x0000000100000000)
  eden space 265216K, 0% used [0x00000000d5580000,0x00000000d5580000,0x00000000e5880000)
  from space 15872K, 88% used [0x00000000e6c00000,0x00000000e79acb90,0x00000000e7b80000)
  to   space 17920K, 0% used [0x00000000e5880000,0x00000000e5880000,0x00000000e6a00000)
 ParOldGen       total 72704K, used 18178K [0x0000000080000000, 0x0000000084700000, 0x00000000d5580000)
  object space 72704K, 25% used [0x0000000080000000,0x00000000811c0808,0x0000000084700000)
 Metaspace       used 55864K, capacity 58998K, committed 59160K, reserved 1099776K
  class space    used 7766K, capacity 8302K, committed 8320K, reserved 1048576K
Event: 22.386 GC heap after
Heap after GC invocations=13 (full 3):
 PSYoungGen      total 281088K, used 0K [0x00000000d5580000, 0x00000000e7b80000, 0x0000000100000000)
  eden space 265216K, 0% used [0x00000000d5580000,0x00000000d5580000,0x00000000e5880000)
  from space 15872K, 0% used [0x00000000e6c00000,0x00000000e6c00000,0x00000000e7b80000)
  to   space 17920K, 0% used [0x00000000e5880000,0x00000000e5880000,0x00000000e6a00000)
 ParOldGen       total 72704K, used 24285K [0x0000000080000000, 0x0000000084700000, 0x00000000d5580000)
  object space 72704K, 33% used [0x0000000080000000,0x00000000817b74a8,0x0000000084700000)
 Metaspace       used 55864K, capacity 58998K, committed 59160K, reserved 1099776K
  class space    used 7766K, capacity 8302K, committed 8320K, reserved 1048576K
}

